<?xml version="1.0" encoding="UTF-8"?>
<!-- Generated by org.testng.reporters.JUnitReportReporter -->
<testsuite skipped="1" hostname="Govind-PC" name="JavaPrograms.FileExamples" tests="2" failures="0" timestamp="14 Jan 2018 11:30:56 GMT" time="0.039" errors="0">
  <testcase name="fileWrite" time="0.039" classname="JavaPrograms.FileExamples"/>
  <testcase name="fileread" classname="JavaPrograms.FileExamples">
    <skipped/>
  </testcase> <!-- fileread -->
</testsuite> <!-- JavaPrograms.FileExamples -->
