<?xml version="1.0" encoding="UTF-8"?>
<!-- Generated by org.testng.reporters.JUnitReportReporter -->
<testsuite skipped="0" hostname="Govind-PC" name="Practice.FileDownload_IE_AutoIt" tests="1" failures="0" timestamp="26 Dec 2017 12:11:36 GMT" time="99.138" errors="0">
  <testcase name="AutoIt" time="99.138" classname="Practice.FileDownload_IE_AutoIt"/>
</testsuite> <!-- Practice.FileDownload_IE_AutoIt -->
