<?xml version="1.0" encoding="UTF-8"?>
<!-- Generated by org.testng.reporters.JUnitReportReporter -->
<testsuite skipped="0" hostname="Govind-PC" name="Practice.BrowserStack" tests="1" failures="0" timestamp="26 Dec 2017 08:35:07 GMT" time="24.746" errors="0">
  <testcase name="browserstacktest" time="24.746" classname="Practice.BrowserStack"/>
</testsuite> <!-- Practice.BrowserStack -->
