<?xml version="1.0" encoding="UTF-8"?>
<!-- Generated by org.testng.reporters.JUnitReportReporter -->
<testsuite skipped="0" hostname="Govind-PC" name="Practice.WorkingWithTables" tests="1" failures="0" timestamp="13 Jan 2018 06:08:22 GMT" time="0.028" errors="0">
  <testcase name="gtest" time="0.028" classname="Practice.WorkingWithTables"/>
</testsuite> <!-- Practice.WorkingWithTables -->
