<?xml version="1.0" encoding="UTF-8"?>
<!-- Generated by org.testng.reporters.JUnitReportReporter -->
<testsuite skipped="0" hostname="Govind-PC" name="Practice.BootstrapDatePicker" tests="1" failures="0" timestamp="24 Dec 2017 15:42:07 GMT" time="5.534" errors="0">
  <testcase name="SimpleDatePicker" time="5.534" classname="Practice.BootstrapDatePicker"/>
</testsuite> <!-- Practice.BootstrapDatePicker -->
