<?xml version="1.0" encoding="UTF-8"?>
<!-- Generated by org.testng.reporters.JUnitReportReporter -->
<testsuite skipped="1" hostname="Govind-PC" name="Practice.RadioButtonTest" tests="2" failures="0" timestamp="24 Dec 2017 07:30:22 GMT" time="0.483" errors="0">
  <testcase name="groupradiobutton" time="0.483" classname="Practice.RadioButtonTest"/>
  <testcase name="simpleradiobutton" classname="Practice.RadioButtonTest">
    <skipped/>
  </testcase> <!-- simpleradiobutton -->
</testsuite> <!-- Practice.RadioButtonTest -->
