<?xml version="1.0" encoding="UTF-8"?>
<!-- Generated by org.testng.reporters.JUnitReportReporter -->
<testsuite skipped="0" hostname="Govind-PC" name="Practice.FileDownloadExample" tests="1" failures="0" timestamp="26 Dec 2017 05:52:54 GMT" time="48.153" errors="0">
  <testcase name="testDownload" time="48.153" classname="Practice.FileDownloadExample"/>
</testsuite> <!-- Practice.FileDownloadExample -->
