<?xml version="1.0" encoding="UTF-8"?>
<!-- Generated by org.testng.reporters.JUnitReportReporter -->
<testsuite skipped="0" hostname="Govind-PC" name="learn.NewTest" tests="1" failures="0" timestamp="25 Nov 2017 05:44:08 GMT" time="0.022" errors="0">
  <testcase name="verifyHomepageTitle" time="0.022" classname="learn.NewTest"/>
</testsuite> <!-- learn.NewTest -->
