<?xml version="1.0" encoding="UTF-8"?>
<!-- Generated by org.testng.reporters.JUnitReportReporter -->
<testsuite skipped="0" hostname="Govind-PC" name="Practice.DropDownTest" tests="2" failures="0" timestamp="19 Jan 2018 15:36:26 GMT" time="5.207" errors="0">
  <testcase name="singlevaluedropdown" time="3.749" classname="Practice.DropDownTest"/>
  <testcase name="MultiselectDropdown" time="1.458" classname="Practice.DropDownTest"/>
</testsuite> <!-- Practice.DropDownTest -->
