<?xml version="1.0" encoding="UTF-8"?>
<!-- Generated by org.testng.reporters.JUnitReportReporter -->
<testsuite skipped="1" hostname="Govind-PC" name="Practice.CheckBoxTest" tests="2" failures="0" timestamp="13 Jan 2018 05:54:24 GMT" time="0.699" errors="0">
  <testcase name="multiple_checkbox" time="0.699" classname="Practice.CheckBoxTest"/>
  <testcase name="singlecheckbox" classname="Practice.CheckBoxTest">
    <skipped/>
  </testcase> <!-- singlecheckbox -->
</testsuite> <!-- Practice.CheckBoxTest -->
